build/app/outputs/mapping/release/seeds.txt
com.flyweis.we_fast.MainActivity
com.flyweis.we_fast.MainActivity: MainActivity()
...
com.facebook.internal.FacebookInitProvider: FacebookInitProvider()
androidx.window.R$attr
com.facebook.share.widget.ShareDialog$Mode: com.facebook.share.widget.ShareDialog$Mode[] values()
com.google.zxing.qrcode.decoder.Mode: com.google.zxing.qrcode.decoder.Mode valueOf(java.lang.String)
io.flutter.view.FlutterCallbackInformation: java.lang.String callbackName
com.yalantis.ucrop.view.OverlayView: void setCropGridColumnCount(int)
com.twitter.sdk.android.tweetui.internal.VideoView: void setOnErrorListener(android.media.MediaPlayer$OnErrorListener)
androidx.appcompat.widget.SearchView: void setIconified(boolean)
androidx.appcompat.widget.LinearLayoutCompat: void setBaselineAligned(boolean)
androidx.cardview.widget.CardView: void setUseCompatPadding(boolean)
androidx.appcompat.widget.AppCompatImageButton: void setSupportImageTintMode(android.graphics.PorterDuff$Mode)
androidx.window.layout.WindowMetricsCalculator$Companion$decorator$1
androidx.core.widget.PopupWindowCompat$Api23Impl: boolean getOverlapAnchor(android.widget.PopupWindow)
androidx.window.core.Version$bigInteger$2: androidx.window.core.Version this$0
androidx.core.view.ViewParentCompat$Api21Impl: void onStopNestedScroll(android.view.ViewParent,android.view.View)
androidx.appcompat.widget.LinearLayoutCompat
androidx.window.embedding.ExtensionEmbeddingBackend$SplitListenerWrapper: void accept$lambda-1(androidx.window.embedding.ExtensionEmbeddingBackend$SplitListenerWrapper,java.util.List)
io.flutter.embedding.engine.FlutterJNI: void nativeInit(android.content.Context,java.lang.String[],java.lang.String,java.lang.String,java.lang.String,long)
androidx.browser.browseractions.BrowserActionsFallbackMenuView
android.support.v4.graphics.drawable.IconCompatParcelizer: androidx.core.graphics.drawable.IconCompat read(androidx.versionedparcelable.VersionedParcel)
kotlin.jvm.internal.CallableReference: java.lang.String getSignature()
androidx.core.view.ViewCompat$Api28Impl: void setAccessibilityHeading(android.view.View,boolean)
androidx.window.core.Version: int getMinor()
androidx.window.layout.ExtensionWindowLayoutInfoBackend: ExtensionWindowLayoutInfoBackend(androidx.window.extensions.layout.WindowLayoutComponent)
androidx.window.embedding.ExtensionEmbeddingBackend$EmbeddingCallbackImpl: java.util.List lastInfo
com.facebook.share.internal.DeviceShareDialogFragment: DeviceShareDialogFragment()
androidx.window.embedding.ActivityStack: java.lang.String toString()
androidx.core.app.AppOpsManagerCompat$Api23Impl: java.lang.Object getSystemService(android.content.Context,java.lang.Class)
io.flutter.embedding.engine.FlutterJNI: void onSurfaceCreated(android.view.Surface)
kotlin.coroutines.jvm.internal.ContinuationImpl: kotlin.coroutines.CoroutineContext getContext()
kotlinx.coroutines.EventLoopImplBase: java.lang.Object _delayed
androidx.core.view.ViewCompat$Api28Impl: boolean isAccessibilityHeading(android.view.View)
androidx.window.layout.ExtensionWindowLayoutInfoBackend$MulticastConsumer: void addListener(androidx.core.util.Consumer)
com.twitter.sdk.android.core.services.StatusesService
androidx.window.embedding.SplitRuleParser: androidx.window.embedding.SplitPlaceholderRule parseSplitPlaceholderRule(android.content.Context,android.content.res.XmlResourceParser)
kotlin.jvm.internal.CallableReference: kotlin.reflect.KCallable computeReflected()
androidx.vectordrawable.graphics.drawable.VectorDrawableCompat$VGroup: float getPivotX()
androidx.versionedparcelable.ParcelImpl: android.os.Parcelable$Creator CREATOR
com.google.zxing.qrcode.decoder.ErrorCorrectionLevel: com.google.zxing.qrcode.decoder.ErrorCorrectionLevel[] values()
androidx.window.layout.WindowMetricsCalculator: androidx.window.layout.WindowMetrics computeCurrentWindowMetrics(android.app.Activity)
androidx.appcompat.widget.AppCompatButton: void setBackgroundResource(int)
io.flutter.view.AccessibilityViewEmbedder: boolean performAction(int,int,android.os.Bundle)