build/app/outputs/mapping/release/mapping.txt
# compiler: R8
# compiler_version: 2.1.62
# min_api: 20
# pg_map_id: 6c451b9
# common_typos_disable
...
kotlin.coroutines.CombinedContext -> i.t.c:
    kotlin.coroutines.CoroutineContext left -> e
    kotlin.coroutines.CoroutineContext$Element element -> f
    boolean contains(kotlin.coroutines.CoroutineContext$Element) -> a
    boolean containsAll(kotlin.coroutines.CombinedContext) -> c
    int size() -> d
kotlin.coroutines.CombinedContext$Serialized -> i.t.c$a:
    kotlin.coroutines.CoroutineContext[] elements -> e
kotlin.coroutines.CombinedContext$toString$1 -> i.t.c$b:
    kotlin.coroutines.CombinedContext$toString$1 INSTANCE -> e
    java.lang.String invoke(java.lang.String,kotlin.coroutines.CoroutineContext$Element) -> a
kotlin.coroutines.CombinedContext$writeReplace$1 -> i.t.c$c:
    kotlin.coroutines.CoroutineContext[] $elements -> e
    kotlin.jvm.internal.Ref$IntRef $index -> f
    void invoke(kotlin.Unit,kotlin.coroutines.CoroutineContext$Element) -> a
kotlin.coroutines.Continuation -> i.t.d:
kotlin.coroutines.ContinuationInterceptor -> i.t.e:
    kotlin.coroutines.ContinuationInterceptor$Key Key -> b
    void releaseInterceptedContinuation(kotlin.coroutines.Continuation) -> e
    kotlin.coroutines.Continuation interceptContinuation(kotlin.coroutines.Continuation) -> j
kotlin.coroutines.ContinuationInterceptor$DefaultImpls -> i.t.e$a:
    kotlin.coroutines.CoroutineContext$Element get(kotlin.coroutines.ContinuationInterceptor,kotlin.coroutines.CoroutineContext$Key) -> a
    kotlin.coroutines.CoroutineContext minusKey(kotlin.coroutines.ContinuationInterceptor,kotlin.coroutines.CoroutineContext$Key) -> b
kotlin.coroutines.ContinuationInterceptor$Key -> i.t.e$b:
    kotlin.coroutines.ContinuationInterceptor$Key $$INSTANCE -> e
kotlin.coroutines.ContinuationKt -> i.t.f:
    void startCoroutine(kotlin.jvm.functions.Function2,java.lang.Object,kotlin.coroutines.Continuation) -> a
kotlin.coroutines.CoroutineContext -> i.t.g:
kotlin.coroutines.CoroutineContext$DefaultImpls -> i.t.g$a:
    kotlin.coroutines.CoroutineContext plus(kotlin.coroutines.CoroutineContext,kotlin.coroutines.CoroutineContext) -> a
kotlin.coroutines.CoroutineContext$Element -> i.t.g$b:
kotlin.coroutines.CoroutineContext$Element$DefaultImpls -> i.t.g$b$a:
    java.lang.Object fold(kotlin.coroutines.CoroutineContext$Element,java.lang.Object,kotlin.jvm.functions.Function2) -> a
    kotlin.coroutines.CoroutineContext$Element get(kotlin.coroutines.CoroutineContext$Element,kotlin.coroutines.CoroutineContext$Key) -> b
    kotlin.coroutines.CoroutineContext minusKey(kotlin.coroutines.CoroutineContext$Element,kotlin.coroutines.CoroutineContext$Key) -> c
    kotlin.coroutines.CoroutineContext plus(kotlin.coroutines.CoroutineContext$Element,kotlin.coroutines.CoroutineContext) -> d
kotlin.coroutines.CoroutineContext$Key -> i.t.g$c:
kotlin.coroutines.CoroutineContext$plus$1 -> i.t.g$a$a:
    kotlin.coroutines.CoroutineContext$plus$1 INSTANCE -> e
    kotlin.coroutines.CoroutineContext invoke(kotlin.coroutines.CoroutineContext,kotlin.coroutines.CoroutineContext$Element) -> a
kotlin.coroutines.EmptyCoroutineContext -> i.t.h:
    kotlin.coroutines.EmptyCoroutineContext INSTANCE -> e
kotlin.coroutines.intrinsics.CoroutineSingletons -> i.t.i.a:
    kotlin.coroutines.intrinsics.CoroutineSingletons RESUMED -> g
    kotlin.coroutines.intrinsics.CoroutineSingletons COROUTINE_SUSPENDED -> e
    kotlin.coroutines.intrinsics.CoroutineSingletons UNDECIDED -> f
    kotlin.coroutines.intrinsics.CoroutineSingletons[] $VALUES -> h
    kotlin.coroutines.intrinsics.CoroutineSingletons[] $values() -> a
kotlin.coroutines.intrinsics.IntrinsicsKt -> i.t.i.b:
    kotlin.coroutines.Continuation createCoroutineUnintercepted(kotlin.jvm.functions.Function2,java.lang.Object,kotlin.coroutines.Continuation) -> a
    kotlin.coroutines.Continuation intercepted(kotlin.coroutines.Continuation) -> b
    java.lang.Object getCOROUTINE_SUSPENDED() -> c