build/app/outputs/mapping/release/usage.txt
com.flyweis.we_fast.R$id
com.flyweis.we_fast.R$plurals
com.flyweis.we_fast.R$xml
com.flyweis.we_fast.R$integer
com.flyweis.we_fast.R$anim
com.flyweis.we_fast.R$dimen
com.flyweis.we_fast.R$color
com.flyweis.we_fast.R$bool
com.flyweis.we_fast.R$layout
com.flyweis.we_fast.R$string
com.flyweis.we_fast.R$styleable
com.flyweis.we_fast.R$interpolator
com.flyweis.we_fast.R$animator
com.flyweis.we_fast.R$raw
com.flyweis.we_fast.R$mipmap
com.flyweis.we_fast.R$drawable
com.flyweis.we_fast.R$attr
com.flyweis.we_fast.R$style
com.flyweis.we_fast.R
com.flyweis.we_fast.R$menu
com.flyweis.we_fast.BuildConfig
...
kotlinx.coroutines.flow.FlowKt__TransformKt
kotlin.internal.RequireKotlinVersionKind
androidx.swiperefreshlayout.widget.SwipeRefreshLayout$8
com.twitter.sdk.android.core.internal.AdvertisingInfo
androidx.slidingpanelayout.widget.SlidingPaneLayout$DragHelperCallback
com.yalantis.ucrop.task.BitmapLoadTask:
    private static final java.lang.String TAG
    private static final int MAX_BITMAP_SIZE
kotlin.collections.ArraysKt___ArraysJvmKt$asList$1
kotlinx.coroutines.internal.LockFreeLinkedListNode:
    public static final synthetic kotlinx.coroutines.internal.LockFreeLinkedListNode access$correctPrev(kotlinx.coroutines.internal.LockFreeLinkedListNode,kotlinx.coroutines.internal.OpDescriptor)
    public static final synthetic kotlinx.coroutines.internal.Removed access$removed(kotlinx.coroutines.internal.LockFreeLinkedListNode)
    public final kotlinx.coroutines.internal.LockFreeLinkedListNode$CondAddOp makeCondAddOp(kotlinx.coroutines.internal.LockFreeLinkedListNode,kotlin.jvm.functions.Function0)
    public final void addLast(kotlinx.coroutines.internal.LockFreeLinkedListNode)
    public final kotlinx.coroutines.internal.LockFreeLinkedListNode$AddLastDesc describeAddLast(kotlinx.coroutines.internal.LockFreeLinkedListNode)
    public final boolean addLastIf(kotlinx.coroutines.internal.LockFreeLinkedListNode,kotlin.jvm.functions.Function0)
    public final boolean addLastIfPrev(kotlinx.coroutines.internal.LockFreeLinkedListNode,kotlin.jvm.functions.Function1)
    public final boolean addLastIfPrevAndIf(kotlinx.coroutines.internal.LockFreeLinkedListNode,kotlin.jvm.functions.Function1,kotlin.jvm.functions.Function0)
    public final kotlinx.coroutines.internal.LockFreeLinkedListNode removeFirstOrNull()
    public final kotlinx.coroutines.internal.LockFreeLinkedListNode$RemoveFirstDesc describeRemoveFirst()
    public final synthetic java.lang.Object removeFirstIfIsInstanceOfOrPeekIf(kotlin.jvm.functions.Function1)
android.support.v4.media.MediaBrowserCompat$MediaBrowserImplBase$1
com.google.android.gms.internal.auth-api.zzh
kotlin.StandardKt
okhttp3.TlsVersion:
    public java.lang.String javaName()
com.facebook.share.widget.GameRequestDialog$2
androidx.core.app.NotificationCompat$GroupAlertBehavior
androidx.appcompat.widget.AppCompatSpinner:
    public void <init>(android.content.Context)
    public void <init>(android.content.Context,int)
    private static final int MAX_ITEMS_MEASURED
    private static final java.lang.String TAG
    private static final int MODE_DIALOG
    private static final int MODE_DROPDOWN
    private static final int MODE_THEME
com.google.common.collect.TreeRangeSet$ComplementRangesByLowerBound$1
kotlin.jvm.JvmSynthetic
com.google.android.gms.tasks.zzj:
    public final void zzc()
android.support.v4.media.session.MediaSessionCompat$Callback
com.google.common.collect.FilteredEntryMultimap$Keys$1$1
kotlin.reflect.KMutableProperty1
kotlinx.coroutines.channels.ChannelsKt__Channels_commonKt$consumeEach$3
com.google.common.collect.ImmutableRangeSet$Builder
com.google.common.util.concurrent.MoreExecutors$ScheduledListeningDecorator
kotlin.io.ConstantsKt
com.google.android.gms.wallet.zza
androidx.core.view.ViewCompat$1:
    void frameworkSet(android.view.View,java.lang.Boolean)
    boolean shouldUpdate(java.lang.Boolean,java.lang.Boolean)
    synthetic bridge void frameworkSet(android.view.View,java.lang.Object)
    synthetic bridge boolean shouldUpdate(java.lang.Object,java.lang.Object)
androidx.media.app.NotificationCompat$MediaStyle
org.checkerframework.checker.nullness.compatqual.PolyNullDecl
com.google.common.collect.ForwardingImmutableCollection
com.google.common.io.Files$FileByteSink
com.google.android.gms.auth.account.zza
kotlinx.coroutines.flow.FlowKt__ZipKt$combine$$inlined$combineUnsafe$FlowKt__ZipKt$1$2
kotlin.time.Duration$Companion
com.google.zxing.pdf417.PDF417Reader